
Multiple alignment 2017-08-09 17:05:29
 - MAFFT: v7.310 (2017/Mar/17)
 - Gblocks: 0.91b

Phylogenetic test run 2017-08-09 17:07:13
 - RAxML: This is RAxML version 8.2.11 released by Alexandros Stamatakis on June 2017.

Multiple alignment 2017-08-09 17:09:52
 - MAFFT: v7.310 (2017/Mar/17)
 - Gblocks: 0.91b

Phylogenetic test run 2017-08-09 17:10:42
 - RAxML: This is RAxML version 8.2.11 released by Alexandros Stamatakis on June 2017.

Multiple alignment 2022-01-11 08:23:28
 - MAFFT: v7.310 (2017/Mar/17)
 - Gblocks: 0.91b

Multiple alignment 2022-01-11 08:24:20
 - MAFFT: v7.310 (2017/Mar/17)
 - Gblocks: 0.91b

Phylogenetic test run 2022-01-11 08:26:06
 - RAxML: This is RAxML version 8.2.11 released by Alexandros Stamatakis on June 2017.

Phylogenetic proper run 2022-01-11 08:49:24
RAxML: This is RAxML version 8.2.11 released by Alexandros Stamatakis on June 2017.

Multiple alignment 2022-01-11 08:51:08
 - MAFFT: v7.310 (2017/Mar/17)
 - Gblocks: 0.91b

Phylogenetic test run 2022-01-11 08:52:01
 - RAxML: This is RAxML version 8.2.11 released by Alexandros Stamatakis on June 2017.

Phylogenetic proper run 2022-01-11 09:05:17
RAxML: This is RAxML version 8.2.11 released by Alexandros Stamatakis on June 2017.
