
Multiple alignment 2021-07-03 23:15:17
 - MAFFT: v7.310 (2017/Mar/17)
 - Gblocks: 0.91b
   -b1=76

Multiple alignment 2021-07-03 23:18:53
 - MAFFT: v7.310 (2017/Mar/17)
 - Gblocks: 0.91b
   -b1=19

Multiple alignment 2021-07-03 23:19:38
 - MAFFT: v7.310 (2017/Mar/17)
 - Gblocks: 0.91b
   -b1=19

Multiple alignment 2021-07-03 23:20:51
 - MAFFT: v7.310 (2017/Mar/17)
 - Gblocks: 0.91b
   -b1=19

Multiple alignment 2021-07-03 23:22:34
 - MAFFT: v7.310 (2017/Mar/17)
 - Gblocks: 0.91b
   -b1=20

Multiple alignment 2021-07-03 23:42:46
 - MAFFT: v7.310 (2017/Mar/17)
 - Gblocks: 0.91b
   -b1=20

Phylogenetic test run 2021-07-03 23:43:02
 - RAxML: This is RAxML version 8.2.12 released by Alexandros Stamatakis on May 2018.

Multiple alignment 2021-07-03 23:43:49
 - MAFFT: v7.310 (2017/Mar/17)
 - Gblocks: 0.91b
   -b1=20

Phylogenetic test run 2021-07-03 23:47:54
 - RAxML: This is RAxML version 8.2.12 released by Alexandros Stamatakis on May 2018.

Multiple alignment 2021-07-03 23:54:55
 - MAFFT: v7.310 (2017/Mar/17)
 - Gblocks: 0.91b
   -b1=19

Phylogenetic test run 2021-07-03 23:58:54
 - RAxML: This is RAxML version 8.2.12 released by Alexandros Stamatakis on May 2018.

Multiple alignment 2021-07-04 00:06:30
 - MAFFT: v7.310 (2017/Mar/17)
 - Gblocks: 0.91b
   -b1=19

Phylogenetic test run 2021-07-04 00:10:50
 - RAxML: This is RAxML version 8.2.12 released by Alexandros Stamatakis on May 2018.

Multiple alignment 2021-07-04 00:15:07
 - MAFFT: v7.310 (2017/Mar/17)
 - Gblocks: 0.91b
   -b1=18

Phylogenetic test run 2021-07-04 00:22:21
 - RAxML: This is RAxML version 8.2.12 released by Alexandros Stamatakis on May 2018.

Multiple alignment 2021-07-04 00:23:13
 - MAFFT: v7.310 (2017/Mar/17)
 - Gblocks: 0.91b
   -b1=21

Phylogenetic test run 2021-07-04 00:30:24
 - RAxML: This is RAxML version 8.2.12 released by Alexandros Stamatakis on May 2018.

Multiple alignment 2021-07-04 00:34:11
 - MAFFT: v7.310 (2017/Mar/17)
 - Gblocks: 0.91b
   -b1=18

Phylogenetic test run 2021-07-04 00:38:27
 - RAxML: This is RAxML version 8.2.12 released by Alexandros Stamatakis on May 2018.

Multiple alignment 2021-07-04 00:40:54
 - MAFFT: v7.310 (2017/Mar/17)
 - Gblocks: 0.91b
   -b1=18

Phylogenetic test run 2021-07-04 00:45:42
 - RAxML: This is RAxML version 8.2.12 released by Alexandros Stamatakis on May 2018.

Multiple alignment 2021-07-04 00:47:59
 - MAFFT: v7.310 (2017/Mar/17)
 - Gblocks: 0.91b
   -b1=22

Phylogenetic test run 2021-07-04 00:55:14
 - RAxML: This is RAxML version 8.2.12 released by Alexandros Stamatakis on May 2018.

Multiple alignment 2021-07-04 01:00:59
 - MAFFT: v7.310 (2017/Mar/17)
 - Gblocks: 0.91b
   -b1=21

Phylogenetic test run 2021-07-04 01:08:04
 - RAxML: This is RAxML version 8.2.12 released by Alexandros Stamatakis on May 2018.

Multiple alignment 2021-07-04 01:11:46
 - MAFFT: v7.310 (2017/Mar/17)
 - Gblocks: 0.91b
   -b1=20

Phylogenetic test run 2021-07-04 01:18:47
 - RAxML: This is RAxML version 8.2.12 released by Alexandros Stamatakis on May 2018.

Multiple alignment 2021-07-04 01:25:20
 - MAFFT: v7.310 (2017/Mar/17)
 - Gblocks: 0.91b
   -b1=11

Phylogenetic test run 2021-07-04 01:28:41
 - RAxML: This is RAxML version 8.2.12 released by Alexandros Stamatakis on May 2018.

Multiple alignment 2021-07-04 13:36:46
 - MAFFT: v7.310 (2017/Mar/17)
 - Gblocks: 0.91b
   -b1=21

Phylogenetic test run 2021-07-04 13:44:14
 - RAxML: This is RAxML version 8.2.12 released by Alexandros Stamatakis on May 2018.

Phylogenetic proper run 2022-01-04 13:22:51
RAxML: This is RAxML version 8.2.12 released by Alexandros Stamatakis on May 2018.
