
Multiple alignment 2017-08-08 11:33:21
 - MAFFT: v7.310 (2017/Mar/17)
 - Gblocks: 0.91b

Phylogenetic test run 2017-08-08 11:54:43
 - RAxML: This is RAxML version 8.2.11 released by Alexandros Stamatakis on June 2017.

Multiple alignment 2017-08-08 12:13:15
 - MAFFT: v7.310 (2017/Mar/17)
 - Gblocks: 0.91b

Phylogenetic test run 2017-08-08 12:18:45
 - RAxML: This is RAxML version 8.2.11 released by Alexandros Stamatakis on June 2017.

Multiple alignment 2017-08-08 12:27:23
 - MAFFT: v7.310 (2017/Mar/17)
 - Gblocks: 0.91b

Phylogenetic test run 2017-08-08 12:34:48
 - RAxML: This is RAxML version 8.2.11 released by Alexandros Stamatakis on June 2017.

Phylogenetic proper run 2017-08-08 13:29:09
RAxML: This is RAxML version 8.2.11 released by Alexandros Stamatakis on June 2017.

Multiple alignment 2017-08-08 14:44:45
 - MAFFT: v7.310 (2017/Mar/17)
 - Gblocks: 0.91b

Phylogenetic test run 2017-08-08 14:59:31
 - RAxML: This is RAxML version 8.2.11 released by Alexandros Stamatakis on June 2017.

Multiple alignment 2017-08-08 15:30:16
 - MAFFT: v7.310 (2017/Mar/17)
 - Gblocks: 0.91b

Phylogenetic test run 2017-08-08 16:30:25
 - RAxML: This is RAxML version 8.2.11 released by Alexandros Stamatakis on June 2017.

Multiple alignment 2017-08-08 16:35:40
 - MAFFT: v7.310 (2017/Mar/17)
 - Gblocks: 0.91b

Phylogenetic test run 2017-08-08 16:52:56
 - RAxML: This is RAxML version 8.2.11 released by Alexandros Stamatakis on June 2017.

Multiple alignment 2017-08-08 16:58:42
 - MAFFT: v7.310 (2017/Mar/17)
 - Gblocks: 0.91b

Phylogenetic test run 2017-08-08 17:12:03
 - RAxML: This is RAxML version 8.2.11 released by Alexandros Stamatakis on June 2017.

Multiple alignment 2017-08-08 21:22:16
 - MAFFT: v7.310 (2017/Mar/17)
 - Gblocks: 0.91b

Phylogenetic test run 2017-08-08 21:32:12
 - RAxML: This is RAxML version 8.2.11 released by Alexandros Stamatakis on June 2017.

Multiple alignment 2022-01-06 17:38:16
 - MAFFT: v7.310 (2017/Mar/17)
 - Gblocks: 0.91b

Phylogenetic test run 2022-01-06 17:48:32
 - RAxML: This is RAxML version 8.2.11 released by Alexandros Stamatakis on June 2017.

Multiple alignment 2022-01-06 18:07:18
 - MAFFT: v7.310 (2017/Mar/17)
 - Gblocks: 0.91b

Phylogenetic test run 2022-01-06 18:20:03
 - RAxML: This is RAxML version 8.2.11 released by Alexandros Stamatakis on June 2017.

Multiple alignment 2022-01-06 21:45:35
 - MAFFT: v7.310 (2017/Mar/17)
 - Gblocks: 0.91b

Phylogenetic test run 2022-01-06 22:02:49
 - RAxML: This is RAxML version 8.2.11 released by Alexandros Stamatakis on June 2017.

Phylogenetic proper run 2022-01-07 00:34:37
RAxML: This is RAxML version 8.2.11 released by Alexandros Stamatakis on June 2017.
