
Multiple alignment 2022-01-20 08:46:19
 - MAFFT: v7.310 (2017/Mar/17)
 - Gblocks: 0.91b

Multiple alignment 2022-01-20 08:49:46
 - MAFFT: v7.310 (2017/Mar/17)
 - Gblocks: 0.91b

Multiple alignment 2022-01-20 08:50:12
 - MAFFT: v7.310 (2017/Mar/17)
 - Gblocks: 0.91b

Phylogenetic test run 2022-01-20 08:51:02
 - RAxML: This is RAxML version 8.2.11 released by Alexandros Stamatakis on June 2017.

Multiple alignment 2022-01-20 08:58:53
 - MAFFT: v7.310 (2017/Mar/17)
 - Gblocks: 0.91b

Phylogenetic test run 2022-01-20 09:00:30
 - RAxML: This is RAxML version 8.2.11 released by Alexandros Stamatakis on June 2017.

Multiple alignment 2022-01-20 09:04:52
 - MAFFT: v7.310 (2017/Mar/17)
 - Gblocks: 0.91b

Multiple alignment 2022-01-20 09:11:41
 - MAFFT: v7.310 (2017/Mar/17)
 - Gblocks: 0.91b

Phylogenetic test run 2022-01-20 09:13:04
 - RAxML: This is RAxML version 8.2.11 released by Alexandros Stamatakis on June 2017.

Multiple alignment 2022-01-20 09:16:40
 - MAFFT: v7.310 (2017/Mar/17)
 - Gblocks: 0.91b

Phylogenetic test run 2022-01-20 09:17:59
 - RAxML: This is RAxML version 8.2.11 released by Alexandros Stamatakis on June 2017.

Multiple alignment 2022-01-20 09:35:51
 - MAFFT: v7.310 (2017/Mar/17)
 - Gblocks: 0.91b

Phylogenetic test run 2022-01-20 09:37:32
 - RAxML: This is RAxML version 8.2.11 released by Alexandros Stamatakis on June 2017.

Multiple alignment 2022-01-20 09:40:30
 - MAFFT: v7.310 (2017/Mar/17)
 - Gblocks: 0.91b

Multiple alignment 2022-01-20 09:41:17
 - MAFFT: v7.310 (2017/Mar/17)
 - Gblocks: 0.91b

Phylogenetic test run 2022-01-20 09:43:04
 - RAxML: This is RAxML version 8.2.11 released by Alexandros Stamatakis on June 2017.

Multiple alignment 2022-01-20 09:43:37
 - MAFFT: v7.310 (2017/Mar/17)
 - Gblocks: 0.91b

Phylogenetic test run 2022-01-20 09:45:18
 - RAxML: This is RAxML version 8.2.11 released by Alexandros Stamatakis on June 2017.

Multiple alignment 2022-01-20 09:49:35
 - MAFFT: v7.310 (2017/Mar/17)
 - Gblocks: 0.91b

Phylogenetic test run 2022-01-20 09:52:19
 - RAxML: This is RAxML version 8.2.11 released by Alexandros Stamatakis on June 2017.

Multiple alignment 2022-01-20 20:17:14
 - MAFFT: v7.310 (2017/Mar/17)
 - Gblocks: 0.91b

Phylogenetic test run 2022-01-20 20:19:28
 - RAxML: This is RAxML version 8.2.11 released by Alexandros Stamatakis on June 2017.

Multiple alignment 2022-01-20 20:24:24
 - MAFFT: v7.310 (2017/Mar/17)
 - Gblocks: 0.91b

Phylogenetic test run 2022-01-20 20:26:50
 - RAxML: This is RAxML version 8.2.11 released by Alexandros Stamatakis on June 2017.

Multiple alignment 2022-01-20 20:28:26
 - MAFFT: v7.310 (2017/Mar/17)
 - Gblocks: 0.91b

Phylogenetic test run 2022-01-20 20:31:15
 - RAxML: This is RAxML version 8.2.11 released by Alexandros Stamatakis on June 2017.

Multiple alignment 2022-01-20 20:39:06
 - MAFFT: v7.310 (2017/Mar/17)
 - Gblocks: 0.91b

Phylogenetic test run 2022-01-20 20:41:15
 - RAxML: This is RAxML version 8.2.11 released by Alexandros Stamatakis on June 2017.

Phylogenetic proper run 2022-01-20 21:06:30
RAxML: This is RAxML version 8.2.11 released by Alexandros Stamatakis on June 2017.
