
Multiple alignment 2022-02-10 23:00:39
 - MAFFT: v7.310 (2017/Mar/17)
 - Gblocks: 0.91b

Phylogenetic test run 2022-02-10 23:01:13
 - RAxML: This is RAxML version 8.2.11 released by Alexandros Stamatakis on June 2017.

Multiple alignment 2022-02-10 23:04:47
 - MAFFT: v7.310 (2017/Mar/17)
 - Gblocks: 0.91b

Multiple alignment 2022-02-10 23:10:03
 - MAFFT: v7.310 (2017/Mar/17)
 - Gblocks: 0.91b

Multiple alignment 2022-02-10 23:17:05
 - MAFFT: v7.310 (2017/Mar/17)
 - Gblocks: 0.91b

Phylogenetic test run 2022-02-10 23:18:03
 - RAxML: This is RAxML version 8.2.11 released by Alexandros Stamatakis on June 2017.

Multiple alignment 2022-02-10 23:19:24
 - MAFFT: v7.310 (2017/Mar/17)
 - Gblocks: 0.91b

Phylogenetic test run 2022-02-10 23:21:14
 - RAxML: This is RAxML version 8.2.11 released by Alexandros Stamatakis on June 2017.

Multiple alignment 2022-02-10 23:32:01
 - MAFFT: v7.310 (2017/Mar/17)
 - Gblocks: 0.91b

Phylogenetic test run 2022-02-10 23:33:23
 - RAxML: This is RAxML version 8.2.11 released by Alexandros Stamatakis on June 2017.

Multiple alignment 2022-02-10 23:40:08
 - MAFFT: v7.310 (2017/Mar/17)
 - Gblocks: 0.91b

Phylogenetic test run 2022-02-10 23:41:48
 - RAxML: This is RAxML version 8.2.11 released by Alexandros Stamatakis on June 2017.

Multiple alignment 2022-02-11 08:16:50
 - MAFFT: v7.310 (2017/Mar/17)
 - Gblocks: 0.91b

Multiple alignment 2022-02-11 08:27:32
 - MAFFT: v7.310 (2017/Mar/17)
 - Gblocks: 0.91b

Multiple alignment 2022-02-11 08:51:00
 - MAFFT: v7.310 (2017/Mar/17)
 - Gblocks: 0.91b

Multiple alignment 2022-02-11 08:58:22
 - MAFFT: v7.310 (2017/Mar/17)
 - Gblocks: 0.91b

Multiple alignment 2022-02-11 09:00:34
 - MAFFT: v7.310 (2017/Mar/17)
 - Gblocks: 0.91b

Multiple alignment 2022-02-11 09:01:59
 - MAFFT: v7.310 (2017/Mar/17)
 - Gblocks: 0.91b

Phylogenetic test run 2022-02-11 09:04:20
 - RAxML: This is RAxML version 8.2.11 released by Alexandros Stamatakis on June 2017.

Multiple alignment 2022-02-11 09:14:38
 - MAFFT: v7.310 (2017/Mar/17)
 - Gblocks: 0.91b

Phylogenetic test run 2022-02-11 09:16:32
 - RAxML: This is RAxML version 8.2.11 released by Alexandros Stamatakis on June 2017.

Multiple alignment 2022-02-11 09:18:18
 - MAFFT: v7.310 (2017/Mar/17)
 - Gblocks: 0.91b

Multiple alignment 2022-02-11 09:19:04
 - MAFFT: v7.310 (2017/Mar/17)
 - Gblocks: 0.91b

Phylogenetic test run 2022-02-11 09:20:27
 - RAxML: This is RAxML version 8.2.11 released by Alexandros Stamatakis on June 2017.

Multiple alignment 2022-02-11 09:21:40
 - MAFFT: v7.310 (2017/Mar/17)
 - Gblocks: 0.91b

Phylogenetic test run 2022-02-11 09:22:58
 - RAxML: This is RAxML version 8.2.11 released by Alexandros Stamatakis on June 2017.

Multiple alignment 2022-02-12 13:15:46
 - MAFFT: v7.310 (2017/Mar/17)
 - Gblocks: 0.91b

Phylogenetic test run 2022-02-12 13:18:12
 - RAxML: This is RAxML version 8.2.11 released by Alexandros Stamatakis on June 2017.

Multiple alignment 2022-02-12 13:25:14
 - MAFFT: v7.310 (2017/Mar/17)
 - Gblocks: 0.91b

Phylogenetic test run 2022-02-12 13:29:10
 - RAxML: This is RAxML version 8.2.11 released by Alexandros Stamatakis on June 2017.

Multiple alignment 2022-02-12 13:30:11
 - MAFFT: v7.310 (2017/Mar/17)
 - Gblocks: 0.91b

Multiple alignment 2022-02-12 13:36:03
 - MAFFT: v7.310 (2017/Mar/17)
 - Gblocks: 0.91b

Multiple alignment 2022-02-12 13:38:07
 - MAFFT: v7.310 (2017/Mar/17)
 - Gblocks: 0.91b

Phylogenetic test run 2022-02-12 13:41:02
 - RAxML: This is RAxML version 8.2.11 released by Alexandros Stamatakis on June 2017.

Phylogenetic proper run 2022-02-12 14:23:15
RAxML: This is RAxML version 8.2.11 released by Alexandros Stamatakis on June 2017.

Multiple alignment 2022-02-12 14:30:51
 - MAFFT: v7.310 (2017/Mar/17)
 - Gblocks: 0.91b

Multiple alignment 2022-02-12 14:34:10
 - MAFFT: v7.310 (2017/Mar/17)
 - Gblocks: 0.91b

Phylogenetic test run 2022-02-12 14:37:26
 - RAxML: This is RAxML version 8.2.11 released by Alexandros Stamatakis on June 2017.

Multiple alignment 2022-02-12 14:40:31
 - MAFFT: v7.310 (2017/Mar/17)
 - Gblocks: 0.91b

Phylogenetic test run 2022-02-12 14:44:20
 - RAxML: This is RAxML version 8.2.11 released by Alexandros Stamatakis on June 2017.

Multiple alignment 2022-02-12 14:47:00
 - MAFFT: v7.310 (2017/Mar/17)
 - Gblocks: 0.91b

Multiple alignment 2022-02-12 14:50:43
 - MAFFT: v7.310 (2017/Mar/17)
 - Gblocks: 0.91b

Phylogenetic test run 2022-02-12 14:53:18
 - RAxML: This is RAxML version 8.2.11 released by Alexandros Stamatakis on June 2017.

Multiple alignment 2022-02-12 14:56:24
 - MAFFT: v7.310 (2017/Mar/17)
 - Gblocks: 0.91b

Multiple alignment 2022-02-12 14:57:25
 - MAFFT: v7.310 (2017/Mar/17)
 - Gblocks: 0.91b

Phylogenetic test run 2022-02-12 14:59:24
 - RAxML: This is RAxML version 8.2.11 released by Alexandros Stamatakis on June 2017.

Multiple alignment 2022-02-12 15:02:13
 - MAFFT: v7.310 (2017/Mar/17)
 - Gblocks: 0.91b

Phylogenetic test run 2022-02-12 15:05:35
 - RAxML: This is RAxML version 8.2.11 released by Alexandros Stamatakis on June 2017.

Multiple alignment 2022-02-12 15:10:17
 - MAFFT: v7.310 (2017/Mar/17)
 - Gblocks: 0.91b

Phylogenetic test run 2022-02-12 15:13:00
 - RAxML: This is RAxML version 8.2.11 released by Alexandros Stamatakis on June 2017.

Multiple alignment 2022-02-12 15:24:35
 - MAFFT: v7.310 (2017/Mar/17)
 - Gblocks: 0.91b

Multiple alignment 2022-02-12 15:31:26
 - MAFFT: v7.310 (2017/Mar/17)
 - Gblocks: 0.91b

Multiple alignment 2022-02-12 15:32:32
 - MAFFT: v7.310 (2017/Mar/17)
 - Gblocks: 0.91b

Multiple alignment 2022-02-12 15:33:43
 - MAFFT: v7.310 (2017/Mar/17)
 - Gblocks: 0.91b

Multiple alignment 2022-02-12 15:35:03
 - MAFFT: v7.310 (2017/Mar/17)
 - Gblocks: 0.91b

Phylogenetic test run 2022-02-12 15:38:14
 - RAxML: This is RAxML version 8.2.11 released by Alexandros Stamatakis on June 2017.

Multiple alignment 2022-02-12 15:40:44
 - MAFFT: v7.310 (2017/Mar/17)
 - Gblocks: 0.91b

Phylogenetic test run 2022-02-12 15:43:27
 - RAxML: This is RAxML version 8.2.11 released by Alexandros Stamatakis on June 2017.

Multiple alignment 2022-02-12 15:45:51
 - MAFFT: v7.310 (2017/Mar/17)
 - Gblocks: 0.91b

Phylogenetic test run 2022-02-12 15:47:31
 - RAxML: This is RAxML version 8.2.11 released by Alexandros Stamatakis on June 2017.

Multiple alignment 2022-02-12 16:02:54
 - MAFFT: v7.310 (2017/Mar/17)
 - Gblocks: 0.91b

Multiple alignment 2022-02-12 16:04:59
 - MAFFT: v7.310 (2017/Mar/17)
 - Gblocks: 0.91b

Phylogenetic test run 2022-02-12 16:08:44
 - RAxML: This is RAxML version 8.2.11 released by Alexandros Stamatakis on June 2017.

Multiple alignment 2022-02-12 16:11:56
 - MAFFT: v7.310 (2017/Mar/17)
 - Gblocks: 0.91b

Multiple alignment 2022-02-12 16:13:27
 - MAFFT: v7.310 (2017/Mar/17)
 - Gblocks: 0.91b

Phylogenetic test run 2022-02-12 16:15:56
 - RAxML: This is RAxML version 8.2.11 released by Alexandros Stamatakis on June 2017.

Multiple alignment 2022-02-12 16:17:23
 - MAFFT: v7.310 (2017/Mar/17)
 - Gblocks: 0.91b

Phylogenetic test run 2022-02-12 16:19:34
 - RAxML: This is RAxML version 8.2.11 released by Alexandros Stamatakis on June 2017.

Multiple alignment 2022-02-12 16:21:11
 - MAFFT: v7.310 (2017/Mar/17)
 - Gblocks: 0.91b

Multiple alignment 2022-02-12 16:22:54
 - MAFFT: v7.310 (2017/Mar/17)
 - Gblocks: 0.91b

Phylogenetic test run 2022-02-12 16:25:26
 - RAxML: This is RAxML version 8.2.11 released by Alexandros Stamatakis on June 2017.

Multiple alignment 2022-02-12 16:29:40
 - MAFFT: v7.310 (2017/Mar/17)
 - Gblocks: 0.91b

Multiple alignment 2022-02-12 16:34:57
 - MAFFT: v7.310 (2017/Mar/17)
 - Gblocks: 0.91b

Multiple alignment 2022-02-12 16:36:49
 - MAFFT: v7.310 (2017/Mar/17)
 - Gblocks: 0.91b

Multiple alignment 2022-02-12 16:42:04
 - MAFFT: v7.310 (2017/Mar/17)
 - Gblocks: 0.91b

Multiple alignment 2022-02-12 16:43:36
 - MAFFT: v7.310 (2017/Mar/17)
 - Gblocks: 0.91b

Multiple alignment 2022-02-12 16:44:44
 - MAFFT: v7.310 (2017/Mar/17)
 - Gblocks: 0.91b

Multiple alignment 2022-02-12 16:45:54
 - MAFFT: v7.310 (2017/Mar/17)
 - Gblocks: 0.91b

Phylogenetic test run 2022-02-12 16:48:44
 - RAxML: This is RAxML version 8.2.11 released by Alexandros Stamatakis on June 2017.

Multiple alignment 2022-02-12 16:52:08
 - MAFFT: v7.310 (2017/Mar/17)
 - Gblocks: 0.91b

Multiple alignment 2022-02-12 16:53:06
 - MAFFT: v7.310 (2017/Mar/17)
 - Gblocks: 0.91b

Phylogenetic test run 2022-02-12 16:56:25
 - RAxML: This is RAxML version 8.2.11 released by Alexandros Stamatakis on June 2017.

Multiple alignment 2022-02-12 16:58:24
 - MAFFT: v7.310 (2017/Mar/17)
 - Gblocks: 0.91b

Phylogenetic test run 2022-02-12 17:01:22
 - RAxML: This is RAxML version 8.2.11 released by Alexandros Stamatakis on June 2017.

Multiple alignment 2022-02-12 17:04:30
 - MAFFT: v7.310 (2017/Mar/17)
 - Gblocks: 0.91b

Phylogenetic test run 2022-02-12 17:06:03
 - RAxML: This is RAxML version 8.2.11 released by Alexandros Stamatakis on June 2017.

Multiple alignment 2022-02-12 17:11:00
 - MAFFT: v7.310 (2017/Mar/17)
 - Gblocks: 0.91b

Phylogenetic test run 2022-02-12 17:11:47
 - RAxML: This is RAxML version 8.2.11 released by Alexandros Stamatakis on June 2017.

Multiple alignment 2022-02-12 17:13:26
 - MAFFT: v7.310 (2017/Mar/17)
 - Gblocks: 0.91b

Phylogenetic test run 2022-02-12 17:14:34
 - RAxML: This is RAxML version 8.2.11 released by Alexandros Stamatakis on June 2017.

Multiple alignment 2022-02-12 17:16:39
 - MAFFT: v7.310 (2017/Mar/17)
 - Gblocks: 0.91b

Phylogenetic test run 2022-02-12 17:17:46
 - RAxML: This is RAxML version 8.2.11 released by Alexandros Stamatakis on June 2017.

Multiple alignment 2022-02-12 17:20:19
 - MAFFT: v7.310 (2017/Mar/17)
 - Gblocks: 0.91b

Phylogenetic test run 2022-02-12 17:21:23
 - RAxML: This is RAxML version 8.2.11 released by Alexandros Stamatakis on June 2017.

Multiple alignment 2022-02-12 17:23:12
 - MAFFT: v7.310 (2017/Mar/17)
 - Gblocks: 0.91b

Multiple alignment 2022-02-12 17:23:44
 - MAFFT: v7.310 (2017/Mar/17)
 - Gblocks: 0.91b

Phylogenetic test run 2022-02-12 17:24:11
 - RAxML: This is RAxML version 8.2.11 released by Alexandros Stamatakis on June 2017.

Multiple alignment 2022-02-12 17:25:28
 - MAFFT: v7.310 (2017/Mar/17)
 - Gblocks: 0.91b

Multiple alignment 2022-02-12 17:26:26
 - MAFFT: v7.310 (2017/Mar/17)
 - Gblocks: 0.91b

Phylogenetic test run 2022-02-12 17:27:13
 - RAxML: This is RAxML version 8.2.11 released by Alexandros Stamatakis on June 2017.

Multiple alignment 2022-02-12 17:29:07
 - MAFFT: v7.310 (2017/Mar/17)
 - Gblocks: 0.91b

Multiple alignment 2022-02-12 17:29:40
 - MAFFT: v7.310 (2017/Mar/17)
 - Gblocks: 0.91b

Phylogenetic test run 2022-02-12 17:30:22
 - RAxML: This is RAxML version 8.2.11 released by Alexandros Stamatakis on June 2017.

Multiple alignment 2022-02-12 17:33:11
 - MAFFT: v7.310 (2017/Mar/17)
 - Gblocks: 0.91b

Multiple alignment 2022-02-12 17:34:14
 - MAFFT: v7.310 (2017/Mar/17)
 - Gblocks: 0.91b

Multiple alignment 2022-02-12 17:35:15
 - MAFFT: v7.310 (2017/Mar/17)
 - Gblocks: 0.91b

Phylogenetic test run 2022-02-12 17:37:08
 - RAxML: This is RAxML version 8.2.11 released by Alexandros Stamatakis on June 2017.

Multiple alignment 2022-02-12 17:44:06
 - MAFFT: v7.310 (2017/Mar/17)
 - Gblocks: 0.91b

Phylogenetic test run 2022-02-12 17:55:10
 - RAxML: This is RAxML version 8.2.11 released by Alexandros Stamatakis on June 2017.

Multiple alignment 2022-02-12 18:02:53
 - MAFFT: v7.310 (2017/Mar/17)
 - Gblocks: 0.91b

Multiple alignment 2022-02-12 18:06:25
 - MAFFT: v7.310 (2017/Mar/17)
 - Gblocks: 0.91b

Multiple alignment 2022-02-12 18:15:01
 - MAFFT: v7.310 (2017/Mar/17)
 - Gblocks: 0.91b

Phylogenetic test run 2022-02-12 18:25:42
 - RAxML: This is RAxML version 8.2.11 released by Alexandros Stamatakis on June 2017.

Multiple alignment 2022-02-12 20:50:34
 - MAFFT: v7.310 (2017/Mar/17)
 - Gblocks: 0.91b

Phylogenetic test run 2022-02-12 21:01:03
 - RAxML: This is RAxML version 8.2.11 released by Alexandros Stamatakis on June 2017.

Multiple alignment 2022-02-12 21:11:30
 - MAFFT: v7.310 (2017/Mar/17)
 - Gblocks: 0.91b

Multiple alignment 2022-02-12 21:13:24
 - MAFFT: v7.310 (2017/Mar/17)
 - Gblocks: 0.91b

Phylogenetic test run 2022-02-12 21:20:41
 - RAxML: This is RAxML version 8.2.11 released by Alexandros Stamatakis on June 2017.

Multiple alignment 2022-02-12 21:25:56
 - MAFFT: v7.310 (2017/Mar/17)
 - Gblocks: 0.91b

Phylogenetic test run 2022-02-12 21:29:01
 - RAxML: This is RAxML version 8.2.11 released by Alexandros Stamatakis on June 2017.

Multiple alignment 2022-02-12 21:31:04
 - MAFFT: v7.310 (2017/Mar/17)
 - Gblocks: 0.91b

Phylogenetic test run 2022-02-12 21:33:10
 - RAxML: This is RAxML version 8.2.11 released by Alexandros Stamatakis on June 2017.

Multiple alignment 2022-02-12 21:35:21
 - MAFFT: v7.310 (2017/Mar/17)
 - Gblocks: 0.91b

Phylogenetic test run 2022-02-12 21:36:39
 - RAxML: This is RAxML version 8.2.11 released by Alexandros Stamatakis on June 2017.

Multiple alignment 2022-02-12 21:38:10
 - MAFFT: v7.310 (2017/Mar/17)
 - Gblocks: 0.91b

Multiple alignment 2022-02-12 21:38:40
 - MAFFT: v7.310 (2017/Mar/17)
 - Gblocks: 0.91b

Phylogenetic test run 2022-02-12 21:40:32
 - RAxML: This is RAxML version 8.2.11 released by Alexandros Stamatakis on June 2017.

Multiple alignment 2022-02-12 21:42:36
 - MAFFT: v7.310 (2017/Mar/17)
 - Gblocks: 0.91b

Phylogenetic test run 2022-02-12 21:44:22
 - RAxML: This is RAxML version 8.2.11 released by Alexandros Stamatakis on June 2017.

Multiple alignment 2022-02-12 21:45:13
 - MAFFT: v7.310 (2017/Mar/17)
 - Gblocks: 0.91b

Phylogenetic test run 2022-02-12 21:47:20
 - RAxML: This is RAxML version 8.2.11 released by Alexandros Stamatakis on June 2017.

Multiple alignment 2022-02-12 21:55:12
 - MAFFT: v7.310 (2017/Mar/17)
 - Gblocks: 0.91b

Phylogenetic test run 2022-02-12 21:58:02
 - RAxML: This is RAxML version 8.2.11 released by Alexandros Stamatakis on June 2017.

Multiple alignment 2022-02-12 22:02:21
 - MAFFT: v7.310 (2017/Mar/17)
 - Gblocks: 0.91b

Phylogenetic test run 2022-02-12 22:04:28
 - RAxML: This is RAxML version 8.2.11 released by Alexandros Stamatakis on June 2017.

Multiple alignment 2022-02-12 22:11:52
 - MAFFT: v7.310 (2017/Mar/17)
 - Gblocks: 0.91b

Multiple alignment 2022-02-12 22:16:09
 - MAFFT: v7.310 (2017/Mar/17)
 - Gblocks: 0.91b

Phylogenetic test run 2022-02-12 22:19:37
 - RAxML: This is RAxML version 8.2.11 released by Alexandros Stamatakis on June 2017.

Multiple alignment 2022-02-12 22:20:32
 - MAFFT: v7.310 (2017/Mar/17)
 - Gblocks: 0.91b

Phylogenetic test run 2022-02-12 22:23:43
 - RAxML: This is RAxML version 8.2.11 released by Alexandros Stamatakis on June 2017.

Multiple alignment 2022-02-12 22:28:18
 - MAFFT: v7.310 (2017/Mar/17)
 - Gblocks: 0.91b

Phylogenetic test run 2022-02-12 22:33:49
 - RAxML: This is RAxML version 8.2.11 released by Alexandros Stamatakis on June 2017.

Multiple alignment 2022-02-12 22:36:11
 - MAFFT: v7.310 (2017/Mar/17)
 - Gblocks: 0.91b

Multiple alignment 2022-02-12 22:39:49
 - MAFFT: v7.310 (2017/Mar/17)
 - Gblocks: 0.91b

Phylogenetic test run 2022-02-12 22:42:54
 - RAxML: This is RAxML version 8.2.11 released by Alexandros Stamatakis on June 2017.

Multiple alignment 2022-02-12 22:45:01
 - MAFFT: v7.310 (2017/Mar/17)
 - Gblocks: 0.91b

Phylogenetic test run 2022-02-12 22:51:02
 - RAxML: This is RAxML version 8.2.11 released by Alexandros Stamatakis on June 2017.

Multiple alignment 2022-02-12 22:55:16
 - MAFFT: v7.310 (2017/Mar/17)
 - Gblocks: 0.91b

Multiple alignment 2022-02-12 22:58:24
 - MAFFT: v7.310 (2017/Mar/17)
 - Gblocks: 0.91b

Phylogenetic test run 2022-02-12 23:03:55
 - RAxML: This is RAxML version 8.2.11 released by Alexandros Stamatakis on June 2017.

Multiple alignment 2022-02-12 23:15:51
 - MAFFT: v7.310 (2017/Mar/17)
 - Gblocks: 0.91b

Multiple alignment 2022-02-12 23:19:00
 - MAFFT: v7.310 (2017/Mar/17)
 - Gblocks: 0.91b

Multiple alignment 2022-02-12 23:21:29
 - MAFFT: v7.310 (2017/Mar/17)
 - Gblocks: 0.91b

Phylogenetic test run 2022-02-12 23:29:08
 - RAxML: This is RAxML version 8.2.11 released by Alexandros Stamatakis on June 2017.

Multiple alignment 2022-02-12 23:34:24
 - MAFFT: v7.310 (2017/Mar/17)
 - Gblocks: 0.91b

Phylogenetic test run 2022-02-12 23:38:30
 - RAxML: This is RAxML version 8.2.11 released by Alexandros Stamatakis on June 2017.

Multiple alignment 2022-02-12 23:43:15
 - MAFFT: v7.310 (2017/Mar/17)
 - Gblocks: 0.91b

Multiple alignment 2022-02-12 23:44:04
 - MAFFT: v7.310 (2017/Mar/17)
 - Gblocks: 0.91b

Phylogenetic test run 2022-02-12 23:48:00
 - RAxML: This is RAxML version 8.2.11 released by Alexandros Stamatakis on June 2017.

Multiple alignment 2022-02-12 23:50:30
 - MAFFT: v7.310 (2017/Mar/17)
 - Gblocks: 0.91b

Multiple alignment 2022-02-12 23:51:53
 - MAFFT: v7.310 (2017/Mar/17)
 - Gblocks: 0.91b

Phylogenetic test run 2022-02-12 23:55:33
 - RAxML: This is RAxML version 8.2.11 released by Alexandros Stamatakis on June 2017.

Multiple alignment 2022-02-12 23:57:47
 - MAFFT: v7.310 (2017/Mar/17)
 - Gblocks: 0.91b

Phylogenetic test run 2022-02-13 00:01:48
 - RAxML: This is RAxML version 8.2.11 released by Alexandros Stamatakis on June 2017.

Multiple alignment 2022-02-13 00:03:43
 - MAFFT: v7.310 (2017/Mar/17)
 - Gblocks: 0.91b

Multiple alignment 2022-02-13 00:05:14
 - MAFFT: v7.310 (2017/Mar/17)
 - Gblocks: 0.91b

Phylogenetic test run 2022-02-13 00:08:14
 - RAxML: This is RAxML version 8.2.11 released by Alexandros Stamatakis on June 2017.

Multiple alignment 2022-02-13 00:11:16
 - MAFFT: v7.310 (2017/Mar/17)
 - Gblocks: 0.91b

Phylogenetic test run 2022-02-13 00:14:19
 - RAxML: This is RAxML version 8.2.11 released by Alexandros Stamatakis on June 2017.

Multiple alignment 2022-02-13 00:18:19
 - MAFFT: v7.310 (2017/Mar/17)
 - Gblocks: 0.91b

Multiple alignment 2022-02-13 00:19:19
 - MAFFT: v7.310 (2017/Mar/17)
 - Gblocks: 0.91b

Phylogenetic test run 2022-02-13 00:22:02
 - RAxML: This is RAxML version 8.2.11 released by Alexandros Stamatakis on June 2017.

Multiple alignment 2022-02-13 00:23:13
 - MAFFT: v7.310 (2017/Mar/17)
 - Gblocks: 0.91b

Phylogenetic test run 2022-02-13 00:24:34
 - RAxML: This is RAxML version 8.2.11 released by Alexandros Stamatakis on June 2017.

Multiple alignment 2022-02-13 00:27:16
 - MAFFT: v7.310 (2017/Mar/17)
 - Gblocks: 0.91b

Multiple alignment 2022-02-13 00:27:51
 - MAFFT: v7.310 (2017/Mar/17)
 - Gblocks: 0.91b

Multiple alignment 2022-02-13 00:28:18
 - MAFFT: v7.310 (2017/Mar/17)
 - Gblocks: 0.91b

Phylogenetic test run 2022-02-13 00:30:10
 - RAxML: This is RAxML version 8.2.11 released by Alexandros Stamatakis on June 2017.

Multiple alignment 2022-02-13 00:34:58
 - MAFFT: v7.310 (2017/Mar/17)
 - Gblocks: 0.91b

Multiple alignment 2022-02-13 00:35:57
 - MAFFT: v7.310 (2017/Mar/17)
 - Gblocks: 0.91b

Phylogenetic test run 2022-02-13 00:39:12
 - RAxML: This is RAxML version 8.2.11 released by Alexandros Stamatakis on June 2017.

Multiple alignment 2022-02-13 00:42:12
 - MAFFT: v7.310 (2017/Mar/17)
 - Gblocks: 0.91b

Phylogenetic test run 2022-02-13 00:44:52
 - RAxML: This is RAxML version 8.2.11 released by Alexandros Stamatakis on June 2017.

Multiple alignment 2022-02-13 00:46:45
 - MAFFT: v7.310 (2017/Mar/17)
 - Gblocks: 0.91b

Phylogenetic test run 2022-02-13 00:50:17
 - RAxML: This is RAxML version 8.2.11 released by Alexandros Stamatakis on June 2017.

Multiple alignment 2022-02-13 00:52:13
 - MAFFT: v7.310 (2017/Mar/17)
 - Gblocks: 0.91b

Phylogenetic test run 2022-02-13 00:55:32
 - RAxML: This is RAxML version 8.2.11 released by Alexandros Stamatakis on June 2017.

Multiple alignment 2022-02-13 00:59:05
 - MAFFT: v7.310 (2017/Mar/17)
 - Gblocks: 0.91b

Phylogenetic test run 2022-02-13 01:02:56
 - RAxML: This is RAxML version 8.2.11 released by Alexandros Stamatakis on June 2017.

Multiple alignment 2022-02-13 01:06:59
 - MAFFT: v7.310 (2017/Mar/17)
 - Gblocks: 0.91b

Phylogenetic test run 2022-02-13 01:09:17
 - RAxML: This is RAxML version 8.2.11 released by Alexandros Stamatakis on June 2017.

Multiple alignment 2022-02-13 01:11:41
 - MAFFT: v7.310 (2017/Mar/17)
 - Gblocks: 0.91b

Phylogenetic test run 2022-02-13 01:14:52
 - RAxML: This is RAxML version 8.2.11 released by Alexandros Stamatakis on June 2017.

Multiple alignment 2022-02-13 01:19:24
 - MAFFT: v7.310 (2017/Mar/17)
 - Gblocks: 0.91b

Phylogenetic test run 2022-02-13 01:22:23
 - RAxML: This is RAxML version 8.2.11 released by Alexandros Stamatakis on June 2017.

Multiple alignment 2022-02-13 01:23:07
 - MAFFT: v7.310 (2017/Mar/17)
 - Gblocks: 0.91b

Phylogenetic test run 2022-02-13 01:26:21
 - RAxML: This is RAxML version 8.2.11 released by Alexandros Stamatakis on June 2017.

Phylogenetic proper run 2022-02-13 02:03:51
RAxML: This is RAxML version 8.2.11 released by Alexandros Stamatakis on June 2017.
