
Multiple alignment 2017-08-08 16:37:24
 - MAFFT: v7.310 (2017/Mar/17)
 - Gblocks: 0.91b

Multiple alignment 2017-08-08 16:48:01
 - MAFFT: v7.310 (2017/Mar/17)
 - Gblocks: 0.91b

Phylogenetic test run 2017-08-08 16:51:39
 - RAxML: This is RAxML version 8.2.11 released by Alexandros Stamatakis on June 2017.

Multiple alignment 2022-01-12 00:06:07
 - MAFFT: v7.310 (2017/Mar/17)
 - Gblocks: 0.91b

Phylogenetic test run 2022-01-12 00:09:13
 - RAxML: This is RAxML version 8.2.11 released by Alexandros Stamatakis on June 2017.

Multiple alignment 2022-01-12 00:12:36
 - MAFFT: v7.310 (2017/Mar/17)
 - Gblocks: 0.91b

Multiple alignment 2022-01-12 00:13:12
 - MAFFT: v7.310 (2017/Mar/17)
 - Gblocks: 0.91b

Phylogenetic test run 2022-01-12 00:15:01
 - RAxML: This is RAxML version 8.2.11 released by Alexandros Stamatakis on June 2017.

Multiple alignment 2022-01-12 00:18:15
 - MAFFT: v7.310 (2017/Mar/17)
 - Gblocks: 0.91b

Phylogenetic test run 2022-01-12 00:19:05
 - RAxML: This is RAxML version 8.2.11 released by Alexandros Stamatakis on June 2017.

Multiple alignment 2022-01-12 00:35:27
 - MAFFT: v7.310 (2017/Mar/17)
 - Gblocks: 0.91b

Phylogenetic test run 2022-01-12 00:36:40
 - RAxML: This is RAxML version 8.2.11 released by Alexandros Stamatakis on June 2017.

Multiple alignment 2022-01-12 00:43:35
 - MAFFT: v7.310 (2017/Mar/17)
 - Gblocks: 0.91b

Phylogenetic test run 2022-01-12 00:45:00
 - RAxML: This is RAxML version 8.2.11 released by Alexandros Stamatakis on June 2017.

Multiple alignment 2022-01-12 01:36:54
 - MAFFT: v7.310 (2017/Mar/17)
 - Gblocks: 0.91b

Phylogenetic test run 2022-01-12 01:38:18
 - RAxML: This is RAxML version 8.2.11 released by Alexandros Stamatakis on June 2017.

Multiple alignment 2022-01-12 01:45:38
 - MAFFT: v7.310 (2017/Mar/17)
 - Gblocks: 0.91b

Multiple alignment 2022-01-12 01:46:01
 - MAFFT: v7.310 (2017/Mar/17)
 - Gblocks: 0.91b

Phylogenetic test run 2022-01-12 01:47:51
 - RAxML: This is RAxML version 8.2.11 released by Alexandros Stamatakis on June 2017.

Multiple alignment 2022-01-12 01:50:42
 - MAFFT: v7.310 (2017/Mar/17)
 - Gblocks: 0.91b

Phylogenetic test run 2022-01-12 01:52:01
 - RAxML: This is RAxML version 8.2.11 released by Alexandros Stamatakis on June 2017.

Phylogenetic proper run 2022-01-12 02:03:56
RAxML: This is RAxML version 8.2.11 released by Alexandros Stamatakis on June 2017.

Multiple alignment 2022-01-12 11:10:08
 - MAFFT: v7.310 (2017/Mar/17)
 - Gblocks: 0.91b

Phylogenetic test run 2022-01-12 11:11:45
 - RAxML: This is RAxML version 8.2.11 released by Alexandros Stamatakis on June 2017.

Multiple alignment 2022-01-12 22:29:01
 - MAFFT: v7.310 (2017/Mar/17)
 - Gblocks: 0.91b

Multiple alignment 2022-01-12 22:31:22
 - MAFFT: v7.310 (2017/Mar/17)
 - Gblocks: 0.91b

Multiple alignment 2022-01-12 22:33:34
 - MAFFT: v7.310 (2017/Mar/17)
 - Gblocks: 0.91b

Multiple alignment 2022-01-12 22:34:34
 - MAFFT: v7.310 (2017/Mar/17)
 - Gblocks: 0.91b

Phylogenetic test run 2022-01-12 22:37:16
 - RAxML: This is RAxML version 8.2.11 released by Alexandros Stamatakis on June 2017.

Multiple alignment 2022-01-12 23:00:17
 - MAFFT: v7.310 (2017/Mar/17)
 - Gblocks: 0.91b

Phylogenetic test run 2022-01-12 23:02:23
 - RAxML: This is RAxML version 8.2.11 released by Alexandros Stamatakis on June 2017.

Multiple alignment 2022-01-12 23:17:35
 - MAFFT: v7.310 (2017/Mar/17)
 - Gblocks: 0.91b

Phylogenetic test run 2022-01-12 23:19:45
 - RAxML: This is RAxML version 8.2.11 released by Alexandros Stamatakis on June 2017.

Multiple alignment 2022-01-12 23:37:40
 - MAFFT: v7.310 (2017/Mar/17)
 - Gblocks: 0.91b

Multiple alignment 2022-01-12 23:38:26
 - MAFFT: v7.310 (2017/Mar/17)
 - Gblocks: 0.91b

Phylogenetic test run 2022-01-12 23:40:22
 - RAxML: This is RAxML version 8.2.11 released by Alexandros Stamatakis on June 2017.

Multiple alignment 2022-01-12 23:48:48
 - MAFFT: v7.310 (2017/Mar/17)
 - Gblocks: 0.91b

Multiple alignment 2022-01-12 23:59:08
 - MAFFT: v7.310 (2017/Mar/17)
 - Gblocks: 0.91b

Multiple alignment 2022-01-13 00:00:17
 - MAFFT: v7.310 (2017/Mar/17)
 - Gblocks: 0.91b

Phylogenetic test run 2022-01-13 00:03:12
 - RAxML: This is RAxML version 8.2.11 released by Alexandros Stamatakis on June 2017.

Multiple alignment 2022-01-13 08:42:55
 - MAFFT: v7.310 (2017/Mar/17)
 - Gblocks: 0.91b

Multiple alignment 2022-01-13 08:44:52
 - MAFFT: v7.310 (2017/Mar/17)
 - Gblocks: 0.91b

Phylogenetic test run 2022-01-13 08:47:30
 - RAxML: This is RAxML version 8.2.11 released by Alexandros Stamatakis on June 2017.

Multiple alignment 2022-01-13 09:22:23
 - MAFFT: v7.310 (2017/Mar/17)
 - Gblocks: 0.91b

Multiple alignment 2022-01-13 09:23:15
 - MAFFT: v7.310 (2017/Mar/17)
 - Gblocks: 0.91b

Multiple alignment 2022-01-13 09:23:46
 - MAFFT: v7.310 (2017/Mar/17)
 - Gblocks: 0.91b

Multiple alignment 2022-01-13 09:24:23
 - MAFFT: v7.310 (2017/Mar/17)
 - Gblocks: 0.91b

Multiple alignment 2022-01-13 09:25:11
 - MAFFT: v7.310 (2017/Mar/17)
 - Gblocks: 0.91b

Multiple alignment 2022-01-13 09:27:38
 - MAFFT: v7.310 (2017/Mar/17)
 - Gblocks: 0.91b

Multiple alignment 2022-01-13 09:27:57
 - MAFFT: v7.310 (2017/Mar/17)
 - Gblocks: 0.91b

Multiple alignment 2022-01-13 09:29:48
 - MAFFT: v7.310 (2017/Mar/17)
 - Gblocks: 0.91b

Phylogenetic test run 2022-01-13 09:38:32
 - RAxML: This is RAxML version 8.2.11 released by Alexandros Stamatakis on June 2017.

Multiple alignment 2022-01-13 22:04:42
 - MAFFT: v7.310 (2017/Mar/17)
 - Gblocks: 0.91b

Phylogenetic test run 2022-01-13 22:07:01
 - RAxML: This is RAxML version 8.2.11 released by Alexandros Stamatakis on June 2017.

Multiple alignment 2022-01-13 22:33:55
 - MAFFT: v7.310 (2017/Mar/17)
 - Gblocks: 0.91b

Multiple alignment 2022-01-13 22:45:09
 - MAFFT: v7.310 (2017/Mar/17)
 - Gblocks: 0.91b

Multiple alignment 2022-01-13 22:48:00
 - MAFFT: v7.310 (2017/Mar/17)
 - Gblocks: 0.91b

Phylogenetic test run 2022-01-13 22:51:53
 - RAxML: This is RAxML version 8.2.11 released by Alexandros Stamatakis on June 2017.

Multiple alignment 2022-01-13 23:01:00
 - MAFFT: v7.310 (2017/Mar/17)
 - Gblocks: 0.91b

Multiple alignment 2022-01-13 23:03:15
 - MAFFT: v7.310 (2017/Mar/17)
 - Gblocks: 0.91b

Phylogenetic test run 2022-01-13 23:12:27
 - RAxML: This is RAxML version 8.2.11 released by Alexandros Stamatakis on June 2017.

Multiple alignment 2022-01-13 23:21:26
 - MAFFT: v7.310 (2017/Mar/17)
 - Gblocks: 0.91b

Multiple alignment 2022-01-13 23:24:14
 - MAFFT: v7.310 (2017/Mar/17)
 - Gblocks: 0.91b

Phylogenetic test run 2022-01-13 23:28:18
 - RAxML: This is RAxML version 8.2.11 released by Alexandros Stamatakis on June 2017.

Multiple alignment 2022-01-13 23:34:59
 - MAFFT: v7.310 (2017/Mar/17)
 - Gblocks: 0.91b

Phylogenetic test run 2022-01-13 23:37:14
 - RAxML: This is RAxML version 8.2.11 released by Alexandros Stamatakis on June 2017.

Multiple alignment 2022-01-13 23:40:39
 - MAFFT: v7.310 (2017/Mar/17)
 - Gblocks: 0.91b

Phylogenetic test run 2022-01-13 23:42:40
 - RAxML: This is RAxML version 8.2.11 released by Alexandros Stamatakis on June 2017.

Phylogenetic proper run 2022-01-14 00:13:04
RAxML: This is RAxML version 8.2.11 released by Alexandros Stamatakis on June 2017.

Multiple alignment 2022-01-14 08:49:11
 - MAFFT: v7.310 (2017/Mar/17)
 - Gblocks: 0.91b

Multiple alignment 2022-01-14 08:56:39
 - MAFFT: v7.310 (2017/Mar/17)
 - Gblocks: 0.91b

Phylogenetic test run 2022-01-14 09:03:41
 - RAxML: This is RAxML version 8.2.11 released by Alexandros Stamatakis on June 2017.

Multiple alignment 2022-01-14 09:18:17
 - MAFFT: v7.310 (2017/Mar/17)
 - Gblocks: 0.91b

Phylogenetic test run 2022-01-14 09:20:18
 - RAxML: This is RAxML version 8.2.11 released by Alexandros Stamatakis on June 2017.

Multiple alignment 2022-01-15 10:23:16
 - MAFFT: v7.310 (2017/Mar/17)
 - Gblocks: 0.91b

Phylogenetic test run 2022-01-15 10:25:37
 - RAxML: This is RAxML version 8.2.11 released by Alexandros Stamatakis on June 2017.

Multiple alignment 2022-01-15 10:30:24
 - MAFFT: v7.310 (2017/Mar/17)
 - Gblocks: 0.91b

Phylogenetic test run 2022-01-15 10:32:41
 - RAxML: This is RAxML version 8.2.11 released by Alexandros Stamatakis on June 2017.

Multiple alignment 2022-01-15 10:36:12
 - MAFFT: v7.310 (2017/Mar/17)
 - Gblocks: 0.91b

Phylogenetic test run 2022-01-15 10:38:44
 - RAxML: This is RAxML version 8.2.11 released by Alexandros Stamatakis on June 2017.

Multiple alignment 2022-01-15 10:48:56
 - MAFFT: v7.310 (2017/Mar/17)
 - Gblocks: 0.91b

Phylogenetic test run 2022-01-15 10:54:21
 - RAxML: This is RAxML version 8.2.11 released by Alexandros Stamatakis on June 2017.

Multiple alignment 2022-01-15 10:57:21
 - MAFFT: v7.310 (2017/Mar/17)
 - Gblocks: 0.91b

Multiple alignment 2022-01-15 11:01:35
 - MAFFT: v7.310 (2017/Mar/17)
 - Gblocks: 0.91b

Multiple alignment 2022-01-15 11:02:56
 - MAFFT: v7.310 (2017/Mar/17)
 - Gblocks: 0.91b

Phylogenetic test run 2022-01-15 11:05:34
 - RAxML: This is RAxML version 8.2.11 released by Alexandros Stamatakis on June 2017.

Multiple alignment 2022-01-15 11:21:54
 - MAFFT: v7.310 (2017/Mar/17)
 - Gblocks: 0.91b

Phylogenetic test run 2022-01-15 11:23:57
 - RAxML: This is RAxML version 8.2.11 released by Alexandros Stamatakis on June 2017.

Multiple alignment 2022-01-15 11:28:06
 - MAFFT: v7.310 (2017/Mar/17)
 - Gblocks: 0.91b

Multiple alignment 2022-01-15 11:28:41
 - MAFFT: v7.310 (2017/Mar/17)
 - Gblocks: 0.91b

Phylogenetic test run 2022-01-15 11:30:41
 - RAxML: This is RAxML version 8.2.11 released by Alexandros Stamatakis on June 2017.

Multiple alignment 2022-01-15 11:42:05
 - MAFFT: v7.310 (2017/Mar/17)
 - Gblocks: 0.91b

Phylogenetic test run 2022-01-15 11:44:57
 - RAxML: This is RAxML version 8.2.11 released by Alexandros Stamatakis on June 2017.

Multiple alignment 2022-01-15 11:47:17
 - MAFFT: v7.310 (2017/Mar/17)
 - Gblocks: 0.91b

Phylogenetic test run 2022-01-15 11:49:58
 - RAxML: This is RAxML version 8.2.11 released by Alexandros Stamatakis on June 2017.

Multiple alignment 2022-01-15 11:54:09
 - MAFFT: v7.310 (2017/Mar/17)
 - Gblocks: 0.91b

Phylogenetic test run 2022-01-15 11:56:33
 - RAxML: This is RAxML version 8.2.11 released by Alexandros Stamatakis on June 2017.

Multiple alignment 2022-01-15 12:00:19
 - MAFFT: v7.310 (2017/Mar/17)
 - Gblocks: 0.91b

Phylogenetic test run 2022-01-15 12:02:31
 - RAxML: This is RAxML version 8.2.11 released by Alexandros Stamatakis on June 2017.

Multiple alignment 2022-01-15 12:07:10
 - MAFFT: v7.310 (2017/Mar/17)
 - Gblocks: 0.91b

Phylogenetic test run 2022-01-15 12:08:48
 - RAxML: This is RAxML version 8.2.11 released by Alexandros Stamatakis on June 2017.

Multiple alignment 2022-01-15 12:17:20
 - MAFFT: v7.310 (2017/Mar/17)
 - Gblocks: 0.91b

Multiple alignment 2022-01-15 12:26:02
 - MAFFT: v7.310 (2017/Mar/17)
 - Gblocks: 0.91b

Phylogenetic test run 2022-01-15 12:28:07
 - RAxML: This is RAxML version 8.2.11 released by Alexandros Stamatakis on June 2017.

Multiple alignment 2022-01-15 12:32:38
 - MAFFT: v7.310 (2017/Mar/17)
 - Gblocks: 0.91b

Phylogenetic test run 2022-01-15 12:34:23
 - RAxML: This is RAxML version 8.2.11 released by Alexandros Stamatakis on June 2017.

Phylogenetic proper run 2022-01-15 13:00:20
RAxML: This is RAxML version 8.2.11 released by Alexandros Stamatakis on June 2017.

Multiple alignment 2022-01-15 13:03:07
 - MAFFT: v7.310 (2017/Mar/17)
 - Gblocks: 0.91b

Phylogenetic test run 2022-01-15 13:04:32
 - RAxML: This is RAxML version 8.2.11 released by Alexandros Stamatakis on June 2017.

Multiple alignment 2022-01-15 13:07:07
 - MAFFT: v7.310 (2017/Mar/17)
 - Gblocks: 0.91b

Phylogenetic test run 2022-01-15 13:07:52
 - RAxML: This is RAxML version 8.2.11 released by Alexandros Stamatakis on June 2017.

Multiple alignment 2022-01-15 13:11:30
 - MAFFT: v7.310 (2017/Mar/17)
 - Gblocks: 0.91b

Phylogenetic test run 2022-01-15 13:12:38
 - RAxML: This is RAxML version 8.2.11 released by Alexandros Stamatakis on June 2017.

Multiple alignment 2022-01-15 13:14:54
 - MAFFT: v7.310 (2017/Mar/17)
 - Gblocks: 0.91b

Phylogenetic test run 2022-01-15 13:16:12
 - RAxML: This is RAxML version 8.2.11 released by Alexandros Stamatakis on June 2017.

Multiple alignment 2022-01-15 13:18:43
 - MAFFT: v7.310 (2017/Mar/17)
 - Gblocks: 0.91b

Phylogenetic test run 2022-01-15 13:19:28
 - RAxML: This is RAxML version 8.2.11 released by Alexandros Stamatakis on June 2017.

Phylogenetic proper run 2022-01-15 13:31:04
RAxML: This is RAxML version 8.2.11 released by Alexandros Stamatakis on June 2017.
