
Multiple alignment 2017-02-14 20:46:48
 - MAFFT: v7.271 (2016/1/6)
 - Gblocks: 0.91b

Phylogenetic proper run 2017-02-15 04:33:57
RAxML: This is RAxML version 8.1.17 released by Alexandros Stamatakis on February 5 2015.

Multiple alignment 2020-09-06 16:28:02
 - MAFFT: v7.310 (2017/Mar/17)
 - Gblocks: 0.91b

Multiple alignment 2020-09-06 16:31:11
 - MAFFT: v7.310 (2017/Mar/17)
 - Gblocks: 0.91b
   -b1=54

Multiple alignment 2020-09-06 16:33:02
 - MAFFT: v7.310 (2017/Mar/17)
 - Gblocks: 0.91b
   -b1=55

Phylogenetic test run 2020-09-06 16:33:32
 - RAxML: 

Phylogenetic test run 2020-09-06 16:51:00
 - RAxML: This is RAxML version 8.2.12 released by Alexandros Stamatakis on May 2018.

Multiple alignment 2020-09-06 17:28:44
 - MAFFT: v7.310 (2017/Mar/17)
 - Gblocks: 0.91b
   -b1=63

Phylogenetic test run 2020-09-06 17:29:56
 - RAxML: This is RAxML version 8.2.12 released by Alexandros Stamatakis on May 2018.

Multiple alignment 2020-09-06 17:31:13
 - MAFFT: v7.310 (2017/Mar/17)
 - Gblocks: 0.91b
   -b1=63

Multiple alignment 2020-09-06 17:32:08
 - MAFFT: v7.310 (2017/Mar/17)
 - Gblocks: 0.91b
   -b1=63

Phylogenetic test run 2020-09-06 17:49:03
 - RAxML: This is RAxML version 8.2.12 released by Alexandros Stamatakis on May 2018.

Multiple alignment 2020-09-06 19:09:50
 - MAFFT: v7.310 (2017/Mar/17)
 - Gblocks: 0.91b
   -b1=55

Phylogenetic test run 2020-09-06 19:24:22
 - RAxML: This is RAxML version 8.2.12 released by Alexandros Stamatakis on May 2018.

Multiple alignment 2020-09-09 11:36:33
 - MAFFT: v7.310 (2017/Mar/17)
 - Gblocks: 0.91b
   -b1=63

Phylogenetic test run 2020-09-09 11:55:10
 - RAxML: This is RAxML version 8.2.12 released by Alexandros Stamatakis on May 2018.

Multiple alignment 2020-09-09 16:07:07
 - MAFFT: v7.310 (2017/Mar/17)
 - Gblocks: 0.91b
   -b1=63

Phylogenetic test run 2020-09-09 16:25:31
 - RAxML: This is RAxML version 8.2.12 released by Alexandros Stamatakis on May 2018.

Phylogenetic proper run 2020-09-10 11:07:16
RAxML: This is RAxML version 8.2.12 released by Alexandros Stamatakis on May 2018.
